app/build/outputs/logs/manifest-merger-debug-report.txt
-- Merging decision tree log ---
manifest
ADDED from AndroidManifest.xml:2:1
	xmlns:android
		ADDED from AndroidManifest.xml:2:11
	package
		ADDED from AndroidManifest.xml:3:5
		INJECTED from AndroidManifest.xml:0:0
		INJECTED from AndroidManifest.xml:0:0
	android:versionName
		ADDED from AndroidManifest.xml:5:5
	android:versionCode
		ADDED from AndroidManifest.xml:4:5
		INJECTED from AndroidManifest.xml:0:0
		INJECTED from AndroidManifest.xml:0:0
uses-sdk
ADDED from AndroidManifest.xml:7:5
MERGED from com.android.support:appcompat-v7:22.2.0:20:5
MERGED from com.android.support:support-v4:22.2.0:20:5
MERGED from cn.bingoogolapple:bga-banner:2.0.3:6:5
MERGED from com.facebook.fresco:fresco:0.5.2:5:5
MERGED from com.facebook.fresco:imagepipeline:0.5.2:5:5
MERGED from com.android.support:support-v4:22.2.0:20:5
MERGED from com.facebook.fresco:fbcore:0.5.2:5:5
MERGED from com.facebook.fresco:drawee:0.5.2:5:5
MERGED from com.android.support:support-v4:22.2.0:20:5
MERGED from com.facebook.fresco:fbcore:0.5.2:5:5
MERGED from com.facebook.fresco:fbcore:0.5.2:5:5
	android:targetSdkVersion
		ADDED from AndroidManifest.xml:9:9
		INJECTED from AndroidManifest.xml:0:0
		INJECTED from AndroidManifest.xml:0:0
	android:minSdkVersion
		ADDED from AndroidManifest.xml:8:9
		INJECTED from AndroidManifest.xml:0:0
		INJECTED from AndroidManifest.xml:0:0
permission#com.seek.spin.permission.JPUSH_MESSAGE
ADDED from AndroidManifest.xml:31:5
	android:protectionLevel
		ADDED from AndroidManifest.xml:33:9
	android:name
		ADDED from AndroidManifest.xml:32:9
uses-permission#com.seek.spin.permission.JPUSH_MESSAGE
ADDED from AndroidManifest.xml:36:5
	android:name
		ADDED from AndroidManifest.xml:36:22
uses-permission#android.permission.RECEIVE_USER_PRESENT
ADDED from AndroidManifest.xml:37:5
	android:name
		ADDED from AndroidManifest.xml:37:22
uses-permission#android.permission.INTERNET
ADDED from AndroidManifest.xml:38:5
	android:name
		ADDED from AndroidManifest.xml:38:22
uses-permission#android.permission.WAKE_LOCK
ADDED from AndroidManifest.xml:39:5
	android:name
		ADDED from AndroidManifest.xml:39:22
uses-permission#android.permission.READ_PHONE_STATE
ADDED from AndroidManifest.xml:40:5
	android:name
		ADDED from AndroidManifest.xml:40:22
uses-permission#android.permission.WRITE_EXTERNAL_STORAGE
ADDED from AndroidManifest.xml:41:5
	android:name
		ADDED from AndroidManifest.xml:41:22
uses-permission#android.permission.READ_EXTERNAL_STORAGE
ADDED from AndroidManifest.xml:42:5
	android:name
		ADDED from AndroidManifest.xml:42:22
uses-permission#android.permission.VIBRATE
ADDED from AndroidManifest.xml:43:5
	android:name
		ADDED from AndroidManifest.xml:43:22
uses-permission#android.permission.MOUNT_UNMOUNT_FILESYSTEMS
ADDED from AndroidManifest.xml:44:5
	android:name
		ADDED from AndroidManifest.xml:44:22
uses-permission#android.permission.ACCESS_NETWORK_STATE
ADDED from AndroidManifest.xml:45:5
	android:name
		ADDED from AndroidManifest.xml:45:22
uses-permission#android.permission.WRITE_SETTINGS
ADDED from AndroidManifest.xml:46:5
	android:name
		ADDED from AndroidManifest.xml:46:22
uses-permission#android.permission.ACCESS_COARSE_LOCATION
ADDED from AndroidManifest.xml:49:5
	android:name
		ADDED from AndroidManifest.xml:49:22
uses-permission#android.permission.ACCESS_WIFI_STATE
ADDED from AndroidManifest.xml:50:5
	android:name
		ADDED from AndroidManifest.xml:50:22
uses-permission#android.permission.CHANGE_WIFI_STATE
ADDED from AndroidManifest.xml:51:5
	android:name
		ADDED from AndroidManifest.xml:51:22
uses-permission#android.permission.ACCESS_FINE_LOCATION
ADDED from AndroidManifest.xml:52:5
	android:name
		ADDED from AndroidManifest.xml:52:22
uses-permission#android.permission.ACCESS_LOCATION_EXTRA_COMMANDS
ADDED from AndroidManifest.xml:53:5
	android:name
		ADDED from AndroidManifest.xml:53:22
uses-permission#android.permission.CHANGE_NETWORK_STATE
ADDED from AndroidManifest.xml:54:5
	android:name
		ADDED from AndroidManifest.xml:54:22
application
ADDED from AndroidManifest.xml:57:5
MERGED from com.android.support:appcompat-v7:22.2.0:22:5
MERGED from com.android.support:support-v4:22.2.0:22:5
MERGED from com.android.support:support-v4:22.2.0:22:5
MERGED from com.android.support:support-v4:22.2.0:22:5
	android:label
		ADDED from AndroidManifest.xml:61:9
	android:allowBackup
		ADDED from AndroidManifest.xml:59:9
	android:icon
		ADDED from AndroidManifest.xml:60:9
	android:theme
		ADDED from AndroidManifest.xml:62:9
	android:name
		ADDED from AndroidManifest.xml:58:9
activity#com.seek.spin.message.MessageListActivity
ADDED from AndroidManifest.xml:66:9
	android:label
		ADDED from AndroidManifest.xml:68:13
	android:name
		ADDED from AndroidManifest.xml:67:13
intent-filter#android.intent.action.MAIN+android.intent.category.LAUNCHER
ADDED from AndroidManifest.xml:69:13
action#android.intent.action.MAIN
ADDED from AndroidManifest.xml:70:17
	android:name
		ADDED from AndroidManifest.xml:70:25
category#android.intent.category.LAUNCHER
ADDED from AndroidManifest.xml:72:17
	android:name
		ADDED from AndroidManifest.xml:72:27
activity#com.seek.spin.jpush.PushSetActivity
ADDED from AndroidManifest.xml:76:9
	android:label
		ADDED from AndroidManifest.xml:78:13
	android:name
		ADDED from AndroidManifest.xml:77:13
activity#com.seek.spin.jpush.SettingActivity
ADDED from AndroidManifest.xml:80:9
	android:label
		ADDED from AndroidManifest.xml:82:13
	android:name
		ADDED from AndroidManifest.xml:81:13
activity#com.seek.spin.jpush.TestActivity
ADDED from AndroidManifest.xml:84:9
	android:name
		ADDED from AndroidManifest.xml:84:19
intent-filter#jpush.testAction+jpush.testCategory
ADDED from AndroidManifest.xml:85:13
action#jpush.testAction
ADDED from AndroidManifest.xml:86:17
	android:name
		ADDED from AndroidManifest.xml:86:25
category#jpush.testCategory
ADDED from AndroidManifest.xml:88:17
	android:name
		ADDED from AndroidManifest.xml:88:27
service#cn.jpush.android.service.PushService
ADDED from AndroidManifest.xml:93:9
	android:exported
		ADDED from AndroidManifest.xml:96:13
	android:enabled
		ADDED from AndroidManifest.xml:95:13
	android:name
		ADDED from AndroidManifest.xml:94:13
intent-filter#cn.jpush.android.intent.PUSH_TIME+cn.jpush.android.intent.PushService+cn.jpush.android.intent.REGISTER+cn.jpush.android.intent.REPORT
ADDED from AndroidManifest.xml:97:13
action#cn.jpush.android.intent.REGISTER
ADDED from AndroidManifest.xml:98:17
	android:name
		ADDED from AndroidManifest.xml:98:25
action#cn.jpush.android.intent.REPORT
ADDED from AndroidManifest.xml:99:17
	android:name
		ADDED from AndroidManifest.xml:99:25
action#cn.jpush.android.intent.PushService
ADDED from AndroidManifest.xml:100:17
	android:name
		ADDED from AndroidManifest.xml:100:25
action#cn.jpush.android.intent.PUSH_TIME
ADDED from AndroidManifest.xml:101:17
	android:name
		ADDED from AndroidManifest.xml:101:25
service#cn.jpush.android.service.DaemonService
ADDED from AndroidManifest.xml:107:9
	android:exported
		ADDED from AndroidManifest.xml:110:13
	android:enabled
		ADDED from AndroidManifest.xml:109:13
	android:name
		ADDED from AndroidManifest.xml:108:13
intent-filter#cn.jpush.android.intent.DaemonService+com.seek.spin
ADDED from AndroidManifest.xml:111:13
action#cn.jpush.android.intent.DaemonService
ADDED from AndroidManifest.xml:112:17
	android:name
		ADDED from AndroidManifest.xml:112:25
category#com.seek.spin
ADDED from AndroidManifest.xml:114:17
	android:name
		ADDED from AndroidManifest.xml:114:27
receiver#cn.jpush.android.service.PushReceiver
ADDED from AndroidManifest.xml:119:9
	android:enabled
		ADDED from AndroidManifest.xml:121:13
	android:name
		ADDED from AndroidManifest.xml:120:13
intent-filter#cn.jpush.android.intent.NOTIFICATION_RECEIVED_PROXY+com.seek.spin
ADDED from AndroidManifest.xml:122:13
	android:priority
		ADDED from AndroidManifest.xml:122:28
action#cn.jpush.android.intent.NOTIFICATION_RECEIVED_PROXY
ADDED from AndroidManifest.xml:123:17
	android:name
		ADDED from AndroidManifest.xml:123:25
intent-filter#android.intent.action.USER_PRESENT+android.net.conn.CONNECTIVITY_CHANGE
ADDED from AndroidManifest.xml:127:13
action#android.intent.action.USER_PRESENT
ADDED from AndroidManifest.xml:128:17
	android:name
		ADDED from AndroidManifest.xml:128:25
action#android.net.conn.CONNECTIVITY_CHANGE
ADDED from AndroidManifest.xml:129:17
	android:name
		ADDED from AndroidManifest.xml:129:25
intent-filter#android.intent.action.PACKAGE_ADDED+android.intent.action.PACKAGE_REMOVED
ADDED from AndroidManifest.xml:132:13
action#android.intent.action.PACKAGE_ADDED
ADDED from AndroidManifest.xml:133:17
	android:name
		ADDED from AndroidManifest.xml:133:25
action#android.intent.action.PACKAGE_REMOVED
ADDED from AndroidManifest.xml:134:17
	android:name
		ADDED from AndroidManifest.xml:134:25
data
ADDED from AndroidManifest.xml:136:17
	android:scheme
		ADDED from AndroidManifest.xml:136:23
activity#cn.jpush.android.ui.PushActivity
ADDED from AndroidManifest.xml:140:9
	android:configChanges
		ADDED from AndroidManifest.xml:142:13
	android:exported
		ADDED from AndroidManifest.xml:143:13
	android:name
		ADDED from AndroidManifest.xml:141:13
intent-filter#android.intent.category.DEFAULT+cn.jpush.android.ui.PushActivity+com.seek.spin
ADDED from AndroidManifest.xml:144:13
action#cn.jpush.android.ui.PushActivity
ADDED from AndroidManifest.xml:145:17
	android:name
		ADDED from AndroidManifest.xml:145:25
category#android.intent.category.DEFAULT
ADDED from AndroidManifest.xml:147:17
	android:name
		ADDED from AndroidManifest.xml:147:27
service#cn.jpush.android.service.DownloadService
ADDED from AndroidManifest.xml:152:9
	android:exported
		ADDED from AndroidManifest.xml:155:13
	android:enabled
		ADDED from AndroidManifest.xml:154:13
	android:name
		ADDED from AndroidManifest.xml:153:13
receiver#cn.jpush.android.service.AlarmReceiver
ADDED from AndroidManifest.xml:158:9
	android:name
		ADDED from AndroidManifest.xml:158:19
receiver#com.seek.spin.jpush.MyReceiver
ADDED from AndroidManifest.xml:161:9
	android:enabled
		ADDED from AndroidManifest.xml:163:13
	android:name
		ADDED from AndroidManifest.xml:162:13
intent-filter#cn.jpush.android.intent.ACTION_RICHPUSH_CALLBACK+cn.jpush.android.intent.CONNECTION+cn.jpush.android.intent.MESSAGE_RECEIVED+cn.jpush.android.intent.NOTIFICATION_OPENED+cn.jpush.android.intent.NOTIFICATION_RECEIVED+cn.jpush.android.intent.REGISTRATION+cn.jpush.android.intent.UNREGISTRATION+com.seek.spin
ADDED from AndroidManifest.xml:164:13
action#cn.jpush.android.intent.REGISTRATION
ADDED from AndroidManifest.xml:167:17
	android:name
		ADDED from AndroidManifest.xml:167:25
action#cn.jpush.android.intent.UNREGISTRATION
ADDED from AndroidManifest.xml:168:17
	android:name
		ADDED from AndroidManifest.xml:168:25
action#cn.jpush.android.intent.MESSAGE_RECEIVED
ADDED from AndroidManifest.xml:170:17
	android:name
		ADDED from AndroidManifest.xml:170:25
action#cn.jpush.android.intent.NOTIFICATION_RECEIVED
ADDED from AndroidManifest.xml:172:17
	android:name
		ADDED from AndroidManifest.xml:172:25
action#cn.jpush.android.intent.NOTIFICATION_OPENED
ADDED from AndroidManifest.xml:174:17
	android:name
		ADDED from AndroidManifest.xml:174:25
action#cn.jpush.android.intent.ACTION_RICHPUSH_CALLBACK
ADDED from AndroidManifest.xml:176:17
	android:name
		ADDED from AndroidManifest.xml:176:25
action#cn.jpush.android.intent.CONNECTION
ADDED from AndroidManifest.xml:178:17
	android:name
		ADDED from AndroidManifest.xml:178:25
meta-data#JPUSH_CHANNEL
ADDED from AndroidManifest.xml:190:9
	android:name
		ADDED from AndroidManifest.xml:191:13
	android:value
		ADDED from AndroidManifest.xml:192:13
meta-data#JPUSH_APPKEY
ADDED from AndroidManifest.xml:194:9
	android:name
		ADDED from AndroidManifest.xml:195:13
	android:value
		ADDED from AndroidManifest.xml:196:13
activity#com.jarvis.mytaobao.home.BabyActivity
ADDED from AndroidManifest.xml:212:9
	android:name
		ADDED from AndroidManifest.xml:212:19
activity#com.jarvis.mytaobao.home.WareActivity
ADDED from AndroidManifest.xml:213:9
	android:name
		ADDED from AndroidManifest.xml:213:19
activity#com.jarvis.mytaobao.home.ShowBigPictrue
ADDED from AndroidManifest.xml:214:9
	android:name
		ADDED from AndroidManifest.xml:214:19
activity#com.jarvis.mytaobao.home.BuynowActivity
ADDED from AndroidManifest.xml:215:9
	android:name
		ADDED from AndroidManifest.xml:215:19
activity#com.jarvis.mytaobao.user.User_life
ADDED from AndroidManifest.xml:216:9
	android:name
		ADDED from AndroidManifest.xml:216:19
activity#com.jarvis.mytaobao.user.User_opinion
ADDED from AndroidManifest.xml:217:9
	android:name
		ADDED from AndroidManifest.xml:217:19
activity#com.jarvis.mytaobao.user.HelloSensor
ADDED from AndroidManifest.xml:218:9
	android:name
		ADDED from AndroidManifest.xml:218:19
activity#com.zxing.activity.CaptureActivity
ADDED from AndroidManifest.xml:221:9
	android:windowSoftInputMode
		ADDED from AndroidManifest.xml:226:13
	android:screenOrientation
		ADDED from AndroidManifest.xml:224:13
	android:configChanges
		ADDED from AndroidManifest.xml:223:13
	android:theme
		ADDED from AndroidManifest.xml:225:13
	android:name
		ADDED from AndroidManifest.xml:222:13